<?xml version="1.0" encoding="UTF-8"?>
<!-- Generated by org.testng.reporters.JUnitXMLReporter -->
<testsuite hostname="DESKTOP-D26R0D6" ignored="0" name="Test" tests="13" failures="3" timestamp="14 Apr 2021 06:38:29 GMT" time="30.004" errors="0">
  <testcase name="LoadProductionChart" time="4.651" classname="Tests.LoadProductionChartAPI"/>
  <testcase name="LoadProductionChart" time="1.629" classname="Tests.LoadProductionChartAPI"/>
  <testcase name="LoadProductionChart" time="0.933" classname="Tests.LoadProductionChartAPI"/>
  <testcase name="LoadWidgetsDetails" time="4.538" classname="Tests.Loadwidgetdetails">
    <failure type="java.lang.AssertionError" message="expected [Success] but found [ Data not found.]">
      <![CDATA[java.lang.AssertionError: expected [Success] but found [ Data not found.]
	at ScoutAPI.RestAssuredDemo.Base.Assert(Base.java:34)
	at Tests.Loadwidgetdetails.LoadWidgetsDetails(Loadwidgetdetails.java:36)
... Removed 31 stack frames]]>
    </failure>
  </testcase> <!-- LoadWidgetsDetails -->
  <testcase name="LoadWidgetsDetails" time="1.573" classname="Tests.Loadwidgetdetails">
    <failure type="java.lang.AssertionError" message="expected [Success] but found [ Data not found.]">
      <![CDATA[java.lang.AssertionError: expected [Success] but found [ Data not found.]
	at ScoutAPI.RestAssuredDemo.Base.Assert(Base.java:34)
	at Tests.Loadwidgetdetails.LoadWidgetsDetails(Loadwidgetdetails.java:36)
... Removed 31 stack frames]]>
    </failure>
  </testcase> <!-- LoadWidgetsDetails -->
  <testcase name="LoadWidgetsDetails" time="4.483" classname="Tests.Loadwidgetdetails">
    <failure type="java.lang.AssertionError" message="expected [Success] but found [ Data not found.]">
      <![CDATA[java.lang.AssertionError: expected [Success] but found [ Data not found.]
	at ScoutAPI.RestAssuredDemo.Base.Assert(Base.java:34)
	at Tests.Loadwidgetdetails.LoadWidgetsDetails(Loadwidgetdetails.java:36)
... Removed 31 stack frames]]>
    </failure>
  </testcase> <!-- LoadWidgetsDetails -->
  <testcase name="loadDashboard" time="2.129" classname="Tests.LoadDashboardAPI"/>
  <testcase name="loadDashboard" time="2.136" classname="Tests.LoadDashboardAPI"/>
  <testcase name="loadDashboard" time="2.239" classname="Tests.LoadDashboardAPI"/>
  <testcase name="AddEditProductionGoal" time="1.605" classname="Tests.AddEditProductionGoal"/>
  <testcase name="AddEditProductionGoal" time="1.535" classname="Tests.AddEditProductionGoal"/>
  <testcase name="AddEditProductionGoal" time="0.934" classname="Tests.AddEditProductionGoal"/>
  <testcase name="AddEditProductionGoal" time="1.525" classname="Tests.AddEditProductionGoal"/>
</testsuite> <!-- Test -->
